<?xml version="1.0" encoding="UTF-8"?>
<coverage generated="1710417743555" clover="3.2.0">
  <project timestamp="1710417743555" name="All files">
    <metrics statements="87" coveredstatements="87" conditionals="74" coveredconditionals="49" methods="16" coveredmethods="16" elements="177" coveredelements="152" complexity="0" loc="87" ncloc="87" packages="1" files="2" classes="2"/>
    <file name="controllers.js" path="/Users/thiagotavares/Desktop/Tavares/Studies/Mission Ready/Level 5/Missions/Mission 3/src/controllers/controllers.js">
      <metrics statements="52" coveredstatements="52" conditionals="32" coveredconditionals="21" methods="9" coveredmethods="9"/>
      <line num="11" count="1" type="stmt"/>
      <line num="19" count="1" type="stmt"/>
      <line num="21" count="20" type="stmt"/>
      <line num="22" count="20" type="cond" truecount="1" falsecount="1"/>
      <line num="25" count="20" type="stmt"/>
      <line num="26" count="20" type="stmt"/>
      <line num="31" count="1" type="stmt"/>
      <line num="38" count="6" type="stmt"/>
      <line num="41" count="6" type="cond" truecount="2" falsecount="0"/>
      <line num="42" count="5" type="cond" truecount="2" falsecount="0"/>
      <line num="45" count="4" type="stmt"/>
      <line num="47" count="20" type="stmt"/>
      <line num="49" count="20" type="stmt"/>
      <line num="52" count="4" type="stmt"/>
      <line num="54" count="4" type="stmt"/>
      <line num="61" count="1" type="stmt"/>
      <line num="68" count="5" type="stmt"/>
      <line num="71" count="5" type="cond" truecount="2" falsecount="0"/>
      <line num="74" count="4" type="cond" truecount="1" falsecount="1"/>
      <line num="76" count="4" type="stmt"/>
      <line num="92" count="4" type="stmt"/>
      <line num="94" count="4" type="stmt"/>
      <line num="97" count="4" type="stmt"/>
      <line num="98" count="84" type="cond" truecount="2" falsecount="0"/>
      <line num="102" count="4" type="cond" truecount="1" falsecount="1"/>
      <line num="103" count="4" type="cond" truecount="1" falsecount="1"/>
      <line num="105" count="4" type="stmt"/>
      <line num="112" count="1" type="stmt"/>
      <line num="118" count="5" type="stmt"/>
      <line num="121" count="5" type="cond" truecount="2" falsecount="0"/>
      <line num="122" count="4" type="cond" truecount="1" falsecount="1"/>
      <line num="124" count="4" type="stmt"/>
      <line num="125" count="4" type="stmt"/>
      <line num="127" count="4" type="stmt"/>
      <line num="134" count="1" type="stmt"/>
      <line num="135" count="3" type="stmt"/>
      <line num="138" count="3" type="stmt"/>
      <line num="139" count="3" type="stmt"/>
      <line num="142" count="3" type="cond" truecount="1" falsecount="1"/>
      <line num="143" count="3" type="cond" truecount="1" falsecount="1"/>
      <line num="146" count="3" type="stmt"/>
      <line num="149" count="3" type="cond" truecount="1" falsecount="1"/>
      <line num="150" count="3" type="cond" truecount="1" falsecount="1"/>
      <line num="152" count="3" type="stmt"/>
      <line num="163" count="3" type="cond" truecount="1" falsecount="1"/>
      <line num="165" count="3" type="stmt"/>
      <line num="173" count="1" type="stmt"/>
      <line num="176" count="1" type="cond" truecount="1" falsecount="1"/>
      <line num="179" count="2" type="stmt"/>
      <line num="180" count="1" type="stmt"/>
      <line num="182" count="1" type="stmt"/>
      <line num="185" count="1" type="stmt"/>
    </file>
    <file name="errorHandlers.js" path="/Users/thiagotavares/Desktop/Tavares/Studies/Mission Ready/Level 5/Missions/Mission 3/src/controllers/errorHandlers.js">
      <metrics statements="35" coveredstatements="35" conditionals="42" coveredconditionals="28" methods="7" coveredmethods="7"/>
      <line num="2" count="1" type="stmt"/>
      <line num="38" count="1" type="stmt"/>
      <line num="40" count="7" type="stmt"/>
      <line num="42" count="7" type="cond" truecount="2" falsecount="0"/>
      <line num="43" count="5" type="cond" truecount="1" falsecount="1"/>
      <line num="44" count="5" type="cond" truecount="1" falsecount="1"/>
      <line num="46" count="5" type="stmt"/>
      <line num="51" count="1" type="stmt"/>
      <line num="53" count="6" type="cond" truecount="1" falsecount="1"/>
      <line num="54" count="6" type="cond" truecount="2" falsecount="0"/>
      <line num="56" count="4" type="stmt"/>
      <line num="61" count="1" type="stmt"/>
      <line num="63" count="6" type="cond" truecount="2" falsecount="0"/>
      <line num="64" count="4" type="cond" truecount="1" falsecount="1"/>
      <line num="65" count="4" type="stmt"/>
      <line num="70" count="1" type="stmt"/>
      <line num="72" count="6" type="cond" truecount="1" falsecount="1"/>
      <line num="73" count="6" type="cond" truecount="2" falsecount="0"/>
      <line num="75" count="4" type="stmt"/>
      <line num="80" count="1" type="stmt"/>
      <line num="82" count="4" type="cond" truecount="1" falsecount="1"/>
      <line num="83" count="4" type="cond" truecount="1" falsecount="1"/>
      <line num="85" count="4" type="stmt"/>
      <line num="90" count="1" type="stmt"/>
      <line num="92" count="3" type="cond" truecount="1" falsecount="1"/>
      <line num="93" count="3" type="cond" truecount="1" falsecount="1"/>
      <line num="94" count="3" type="cond" truecount="3" falsecount="1"/>
      <line num="95" count="3" type="cond" truecount="1" falsecount="1"/>
      <line num="96" count="3" type="cond" truecount="3" falsecount="1"/>
      <line num="97" count="3" type="cond" truecount="3" falsecount="1"/>
      <line num="99" count="3" type="stmt"/>
      <line num="104" count="1" type="stmt"/>
      <line num="105" count="1" type="cond" truecount="1" falsecount="1"/>
      <line num="106" count="1" type="stmt"/>
      <line num="109" count="1" type="stmt"/>
    </file>
  </project>
</coverage>
