{"/Users/thiagotavares/Desktop/Tavares/Studies/Mission Ready/Level 5/Missions/Mission 3/src/controllers/controllers.js": {"path":"/Users/thiagotavares/Desktop/Tavares/Studies/Mission Ready/Level 5/Missions/Mission 3/src/controllers/controllers.js","statementMap":{"0":{"start":{"line":11,"column":4},"end":{"line":11,"column":33}},"1":{"start":{"line":19,"column":27},"end":{"line":27,"column":1}},"2":{"start":{"line":21,"column":18},"end":{"line":21,"column":29}},"3":{"start":{"line":22,"column":4},"end":{"line":22,"column":36}},"4":{"start":{"line":22,"column":27},"end":{"line":22,"column":36}},"5":{"start":{"line":25,"column":31},"end":{"line":25,"column":33}},"6":{"start":{"line":26,"column":4},"end":{"line":26,"column":66}},"7":{"start":{"line":31,"column":20},"end":{"line":55,"column":1}},"8":{"start":{"line":38,"column":34},"end":{"line":38,"column":42}},"9":{"start":{"line":41,"column":4},"end":{"line":41,"column":60}},"10":{"start":{"line":41,"column":34},"end":{"line":41,"column":60}},"11":{"start":{"line":42,"column":4},"end":{"line":42,"column":64}},"12":{"start":{"line":42,"column":36},"end":{"line":42,"column":64}},"13":{"start":{"line":45,"column":26},"end":{"line":50,"column":13}},"14":{"start":{"line":47,"column":23},"end":{"line":47,"column":49}},"15":{"start":{"line":49,"column":12},"end":{"line":49,"column":33}},"16":{"start":{"line":52,"column":27},"end":{"line":52,"column":57}},"17":{"start":{"line":54,"column":4},"end":{"line":54,"column":39}},"18":{"start":{"line":61,"column":22},"end":{"line":106,"column":1}},"19":{"start":{"line":68,"column":38},"end":{"line":68,"column":46}},"20":{"start":{"line":71,"column":4},"end":{"line":71,"column":62}},"21":{"start":{"line":71,"column":35},"end":{"line":71,"column":62}},"22":{"start":{"line":74,"column":4},"end":{"line":74,"column":49}},"23":{"start":{"line":74,"column":25},"end":{"line":74,"column":49}},"24":{"start":{"line":76,"column":27},"end":{"line":89,"column":5}},"25":{"start":{"line":92,"column":21},"end":{"line":92,"column":60}},"26":{"start":{"line":94,"column":26},"end":{"line":94,"column":27}},"27":{"start":{"line":97,"column":4},"end":{"line":99,"column":5}},"28":{"start":{"line":98,"column":8},"end":{"line":98,"column":61}},"29":{"start":{"line":98,"column":43},"end":{"line":98,"column":61}},"30":{"start":{"line":102,"column":4},"end":{"line":102,"column":49}},"31":{"start":{"line":102,"column":29},"end":{"line":102,"column":49}},"32":{"start":{"line":103,"column":4},"end":{"line":103,"column":49}},"33":{"start":{"line":103,"column":29},"end":{"line":103,"column":49}},"34":{"start":{"line":105,"column":4},"end":{"line":105,"column":42}},"35":{"start":{"line":112,"column":26},"end":{"line":128,"column":1}},"36":{"start":{"line":118,"column":37},"end":{"line":118,"column":51}},"37":{"start":{"line":121,"column":4},"end":{"line":121,"column":70}},"38":{"start":{"line":121,"column":39},"end":{"line":121,"column":70}},"39":{"start":{"line":122,"column":4},"end":{"line":122,"column":78}},"40":{"start":{"line":122,"column":43},"end":{"line":122,"column":78}},"41":{"start":{"line":124,"column":18},"end":{"line":124,"column":61}},"42":{"start":{"line":125,"column":26},"end":{"line":125,"column":50}},"43":{"start":{"line":127,"column":4},"end":{"line":127,"column":67}},"44":{"start":{"line":134,"column":27},"end":{"line":166,"column":1}},"45":{"start":{"line":135,"column":62},"end":{"line":135,"column":79}},"46":{"start":{"line":138,"column":21},"end":{"line":138,"column":76}},"47":{"start":{"line":139,"column":23},"end":{"line":139,"column":68}},"48":{"start":{"line":142,"column":24},"end":{"line":142,"column":76}},"49":{"start":{"line":143,"column":26},"end":{"line":143,"column":86}},"50":{"start":{"line":146,"column":18},"end":{"line":146,"column":61}},"51":{"start":{"line":149,"column":30},"end":{"line":149,"column":88}},"52":{"start":{"line":150,"column":29},"end":{"line":150,"column":85}},"53":{"start":{"line":152,"column":28},"end":{"line":160,"column":5}},"54":{"start":{"line":163,"column":4},"end":{"line":163,"column":78}},"55":{"start":{"line":163,"column":43},"end":{"line":163,"column":78}},"56":{"start":{"line":165,"column":4},"end":{"line":165,"column":27}},"57":{"start":{"line":173,"column":36},"end":{"line":183,"column":1}},"58":{"start":{"line":176,"column":4},"end":{"line":176,"column":74}},"59":{"start":{"line":176,"column":41},"end":{"line":176,"column":74}},"60":{"start":{"line":179,"column":23},"end":{"line":179,"column":81}},"61":{"start":{"line":179,"column":55},"end":{"line":179,"column":80}},"62":{"start":{"line":180,"column":24},"end":{"line":180,"column":47}},"63":{"start":{"line":182,"column":4},"end":{"line":182,"column":23}},"64":{"start":{"line":185,"column":0},"end":{"line":191,"column":2}}},"fnMap":{"0":{"name":"(anonymous_0)","decl":{"start":{"line":19,"column":27},"end":{"line":19,"column":28}},"loc":{"start":{"line":19,"column":36},"end":{"line":27,"column":1}},"line":19},"1":{"name":"(anonymous_1)","decl":{"start":{"line":31,"column":20},"end":{"line":31,"column":21}},"loc":{"start":{"line":31,"column":32},"end":{"line":55,"column":1}},"line":31},"2":{"name":"(anonymous_2)","decl":{"start":{"line":47,"column":13},"end":{"line":47,"column":14}},"loc":{"start":{"line":47,"column":23},"end":{"line":47,"column":49}},"line":47},"3":{"name":"(anonymous_3)","decl":{"start":{"line":48,"column":16},"end":{"line":48,"column":17}},"loc":{"start":{"line":48,"column":34},"end":{"line":50,"column":9}},"line":48},"4":{"name":"(anonymous_4)","decl":{"start":{"line":61,"column":22},"end":{"line":61,"column":23}},"loc":{"start":{"line":61,"column":34},"end":{"line":106,"column":1}},"line":61},"5":{"name":"(anonymous_5)","decl":{"start":{"line":112,"column":26},"end":{"line":112,"column":27}},"loc":{"start":{"line":112,"column":44},"end":{"line":128,"column":1}},"line":112},"6":{"name":"(anonymous_6)","decl":{"start":{"line":134,"column":27},"end":{"line":134,"column":28}},"loc":{"start":{"line":134,"column":48},"end":{"line":166,"column":1}},"line":134},"7":{"name":"(anonymous_7)","decl":{"start":{"line":173,"column":36},"end":{"line":173,"column":37}},"loc":{"start":{"line":173,"column":47},"end":{"line":183,"column":1}},"line":173},"8":{"name":"(anonymous_8)","decl":{"start":{"line":179,"column":46},"end":{"line":179,"column":47}},"loc":{"start":{"line":179,"column":55},"end":{"line":179,"column":80}},"line":179}},"branchMap":{"0":{"loc":{"start":{"line":22,"column":4},"end":{"line":22,"column":36}},"type":"if","locations":[{"start":{"line":22,"column":4},"end":{"line":22,"column":36}},{"start":{},"end":{}}],"line":22},"1":{"loc":{"start":{"line":41,"column":4},"end":{"line":41,"column":60}},"type":"if","locations":[{"start":{"line":41,"column":4},"end":{"line":41,"column":60}},{"start":{},"end":{}}],"line":41},"2":{"loc":{"start":{"line":42,"column":4},"end":{"line":42,"column":64}},"type":"if","locations":[{"start":{"line":42,"column":4},"end":{"line":42,"column":64}},{"start":{},"end":{}}],"line":42},"3":{"loc":{"start":{"line":71,"column":4},"end":{"line":71,"column":62}},"type":"if","locations":[{"start":{"line":71,"column":4},"end":{"line":71,"column":62}},{"start":{},"end":{}}],"line":71},"4":{"loc":{"start":{"line":74,"column":4},"end":{"line":74,"column":49}},"type":"if","locations":[{"start":{"line":74,"column":4},"end":{"line":74,"column":49}},{"start":{},"end":{}}],"line":74},"5":{"loc":{"start":{"line":98,"column":8},"end":{"line":98,"column":61}},"type":"if","locations":[{"start":{"line":98,"column":8},"end":{"line":98,"column":61}},{"start":{},"end":{}}],"line":98},"6":{"loc":{"start":{"line":102,"column":4},"end":{"line":102,"column":49}},"type":"if","locations":[{"start":{"line":102,"column":4},"end":{"line":102,"column":49}},{"start":{},"end":{}}],"line":102},"7":{"loc":{"start":{"line":103,"column":4},"end":{"line":103,"column":49}},"type":"if","locations":[{"start":{"line":103,"column":4},"end":{"line":103,"column":49}},{"start":{},"end":{}}],"line":103},"8":{"loc":{"start":{"line":121,"column":4},"end":{"line":121,"column":70}},"type":"if","locations":[{"start":{"line":121,"column":4},"end":{"line":121,"column":70}},{"start":{},"end":{}}],"line":121},"9":{"loc":{"start":{"line":122,"column":4},"end":{"line":122,"column":78}},"type":"if","locations":[{"start":{"line":122,"column":4},"end":{"line":122,"column":78}},{"start":{},"end":{}}],"line":122},"10":{"loc":{"start":{"line":142,"column":24},"end":{"line":142,"column":76}},"type":"cond-expr","locations":[{"start":{"line":142,"column":50},"end":{"line":142,"column":58}},{"start":{"line":142,"column":61},"end":{"line":142,"column":76}}],"line":142},"11":{"loc":{"start":{"line":143,"column":26},"end":{"line":143,"column":86}},"type":"cond-expr","locations":[{"start":{"line":143,"column":56},"end":{"line":143,"column":66}},{"start":{"line":143,"column":69},"end":{"line":143,"column":86}}],"line":143},"12":{"loc":{"start":{"line":149,"column":30},"end":{"line":149,"column":88}},"type":"cond-expr","locations":[{"start":{"line":149,"column":59},"end":{"line":149,"column":64}},{"start":{"line":149,"column":67},"end":{"line":149,"column":88}}],"line":149},"13":{"loc":{"start":{"line":150,"column":29},"end":{"line":150,"column":85}},"type":"cond-expr","locations":[{"start":{"line":150,"column":57},"end":{"line":150,"column":62}},{"start":{"line":150,"column":65},"end":{"line":150,"column":85}}],"line":150},"14":{"loc":{"start":{"line":163,"column":4},"end":{"line":163,"column":78}},"type":"if","locations":[{"start":{"line":163,"column":4},"end":{"line":163,"column":78}},{"start":{},"end":{}}],"line":163},"15":{"loc":{"start":{"line":176,"column":4},"end":{"line":176,"column":74}},"type":"if","locations":[{"start":{"line":176,"column":4},"end":{"line":176,"column":74}},{"start":{},"end":{}}],"line":176}},"s":{"0":1,"1":1,"2":20,"3":20,"4":0,"5":20,"6":20,"7":1,"8":6,"9":6,"10":1,"11":5,"12":1,"13":4,"14":20,"15":20,"16":4,"17":4,"18":1,"19":5,"20":5,"21":1,"22":4,"23":0,"24":4,"25":4,"26":4,"27":4,"28":84,"29":14,"30":4,"31":0,"32":4,"33":0,"34":4,"35":1,"36":5,"37":5,"38":1,"39":4,"40":0,"41":4,"42":4,"43":4,"44":1,"45":3,"46":3,"47":3,"48":3,"49":3,"50":3,"51":3,"52":3,"53":3,"54":3,"55":0,"56":3,"57":1,"58":1,"59":0,"60":1,"61":2,"62":1,"63":1,"64":1},"f":{"0":20,"1":6,"2":20,"3":20,"4":5,"5":5,"6":3,"7":1,"8":2},"b":{"0":[0,20],"1":[1,5],"2":[1,4],"3":[1,4],"4":[0,4],"5":[14,70],"6":[0,4],"7":[0,4],"8":[1,4],"9":[0,4],"10":[3,0],"11":[3,0],"12":[3,0],"13":[3,0],"14":[0,3],"15":[0,1]},"_coverageSchema":"1a1c01bbd47fc00a2c39e90264f33305004495a9","hash":"213366072e906a409526a8dd2125effa40448cc5"}
,"/Users/thiagotavares/Desktop/Tavares/Studies/Mission Ready/Level 5/Missions/Mission 3/src/controllers/errorHandlers.js": {"path":"/Users/thiagotavares/Desktop/Tavares/Studies/Mission Ready/Level 5/Missions/Mission 3/src/controllers/errorHandlers.js","statementMap":{"0":{"start":{"line":2,"column":25},"end":{"line":34,"column":1}},"1":{"start":{"line":38,"column":17},"end":{"line":47,"column":1}},"2":{"start":{"line":40,"column":21},"end":{"line":40,"column":44}},"3":{"start":{"line":42,"column":4},"end":{"line":42,"column":59}},"4":{"start":{"line":42,"column":21},"end":{"line":42,"column":59}},"5":{"start":{"line":43,"column":4},"end":{"line":43,"column":59}},"6":{"start":{"line":43,"column":25},"end":{"line":43,"column":59}},"7":{"start":{"line":44,"column":4},"end":{"line":44,"column":67}},"8":{"start":{"line":44,"column":33},"end":{"line":44,"column":67}},"9":{"start":{"line":46,"column":4},"end":{"line":46,"column":22}},"10":{"start":{"line":51,"column":18},"end":{"line":57,"column":1}},"11":{"start":{"line":53,"column":4},"end":{"line":53,"column":69}},"12":{"start":{"line":53,"column":34},"end":{"line":53,"column":69}},"13":{"start":{"line":54,"column":4},"end":{"line":54,"column":65}},"14":{"start":{"line":54,"column":29},"end":{"line":54,"column":65}},"15":{"start":{"line":56,"column":4},"end":{"line":56,"column":22}},"16":{"start":{"line":61,"column":21},"end":{"line":66,"column":1}},"17":{"start":{"line":63,"column":4},"end":{"line":63,"column":63}},"18":{"start":{"line":63,"column":25},"end":{"line":63,"column":63}},"19":{"start":{"line":64,"column":4},"end":{"line":64,"column":77}},"20":{"start":{"line":64,"column":38},"end":{"line":64,"column":77}},"21":{"start":{"line":65,"column":4},"end":{"line":65,"column":22}},"22":{"start":{"line":70,"column":18},"end":{"line":76,"column":1}},"23":{"start":{"line":72,"column":4},"end":{"line":72,"column":77}},"24":{"start":{"line":72,"column":42},"end":{"line":72,"column":77}},"25":{"start":{"line":73,"column":4},"end":{"line":73,"column":73}},"26":{"start":{"line":73,"column":37},"end":{"line":73,"column":73}},"27":{"start":{"line":75,"column":4},"end":{"line":75,"column":22}},"28":{"start":{"line":80,"column":23},"end":{"line":86,"column":1}},"29":{"start":{"line":82,"column":4},"end":{"line":82,"column":64}},"30":{"start":{"line":82,"column":24},"end":{"line":82,"column":64}},"31":{"start":{"line":83,"column":4},"end":{"line":83,"column":65}},"32":{"start":{"line":83,"column":24},"end":{"line":83,"column":65}},"33":{"start":{"line":85,"column":4},"end":{"line":85,"column":22}},"34":{"start":{"line":90,"column":19},"end":{"line":100,"column":1}},"35":{"start":{"line":92,"column":4},"end":{"line":92,"column":72}},"36":{"start":{"line":92,"column":34},"end":{"line":92,"column":72}},"37":{"start":{"line":93,"column":4},"end":{"line":93,"column":73}},"38":{"start":{"line":93,"column":32},"end":{"line":93,"column":73}},"39":{"start":{"line":94,"column":4},"end":{"line":94,"column":108}},"40":{"start":{"line":94,"column":68},"end":{"line":94,"column":108}},"41":{"start":{"line":95,"column":4},"end":{"line":95,"column":70}},"42":{"start":{"line":95,"column":29},"end":{"line":95,"column":70}},"43":{"start":{"line":96,"column":4},"end":{"line":96,"column":99}},"44":{"start":{"line":96,"column":56},"end":{"line":96,"column":99}},"45":{"start":{"line":97,"column":4},"end":{"line":97,"column":100}},"46":{"start":{"line":97,"column":63},"end":{"line":97,"column":100}},"47":{"start":{"line":99,"column":4},"end":{"line":99,"column":22}},"48":{"start":{"line":104,"column":25},"end":{"line":107,"column":1}},"49":{"start":{"line":105,"column":4},"end":{"line":105,"column":75}},"50":{"start":{"line":105,"column":32},"end":{"line":105,"column":75}},"51":{"start":{"line":106,"column":4},"end":{"line":106,"column":22}},"52":{"start":{"line":109,"column":0},"end":{"line":117,"column":2}}},"fnMap":{"0":{"name":"(anonymous_0)","decl":{"start":{"line":38,"column":17},"end":{"line":38,"column":18}},"loc":{"start":{"line":38,"column":25},"end":{"line":47,"column":1}},"line":38},"1":{"name":"(anonymous_1)","decl":{"start":{"line":51,"column":18},"end":{"line":51,"column":19}},"loc":{"start":{"line":51,"column":27},"end":{"line":57,"column":1}},"line":51},"2":{"name":"(anonymous_2)","decl":{"start":{"line":61,"column":21},"end":{"line":61,"column":22}},"loc":{"start":{"line":61,"column":33},"end":{"line":66,"column":1}},"line":61},"3":{"name":"(anonymous_3)","decl":{"start":{"line":70,"column":18},"end":{"line":70,"column":19}},"loc":{"start":{"line":70,"column":35},"end":{"line":76,"column":1}},"line":70},"4":{"name":"(anonymous_4)","decl":{"start":{"line":80,"column":23},"end":{"line":80,"column":24}},"loc":{"start":{"line":80,"column":37},"end":{"line":86,"column":1}},"line":80},"5":{"name":"(anonymous_5)","decl":{"start":{"line":90,"column":19},"end":{"line":90,"column":20}},"loc":{"start":{"line":90,"column":29},"end":{"line":100,"column":1}},"line":90},"6":{"name":"(anonymous_6)","decl":{"start":{"line":104,"column":25},"end":{"line":104,"column":26}},"loc":{"start":{"line":104,"column":39},"end":{"line":107,"column":1}},"line":104}},"branchMap":{"0":{"loc":{"start":{"line":42,"column":4},"end":{"line":42,"column":59}},"type":"if","locations":[{"start":{"line":42,"column":4},"end":{"line":42,"column":59}},{"start":{},"end":{}}],"line":42},"1":{"loc":{"start":{"line":43,"column":4},"end":{"line":43,"column":59}},"type":"if","locations":[{"start":{"line":43,"column":4},"end":{"line":43,"column":59}},{"start":{},"end":{}}],"line":43},"2":{"loc":{"start":{"line":44,"column":4},"end":{"line":44,"column":67}},"type":"if","locations":[{"start":{"line":44,"column":4},"end":{"line":44,"column":67}},{"start":{},"end":{}}],"line":44},"3":{"loc":{"start":{"line":53,"column":4},"end":{"line":53,"column":69}},"type":"if","locations":[{"start":{"line":53,"column":4},"end":{"line":53,"column":69}},{"start":{},"end":{}}],"line":53},"4":{"loc":{"start":{"line":54,"column":4},"end":{"line":54,"column":65}},"type":"if","locations":[{"start":{"line":54,"column":4},"end":{"line":54,"column":65}},{"start":{},"end":{}}],"line":54},"5":{"loc":{"start":{"line":63,"column":4},"end":{"line":63,"column":63}},"type":"if","locations":[{"start":{"line":63,"column":4},"end":{"line":63,"column":63}},{"start":{},"end":{}}],"line":63},"6":{"loc":{"start":{"line":64,"column":4},"end":{"line":64,"column":77}},"type":"if","locations":[{"start":{"line":64,"column":4},"end":{"line":64,"column":77}},{"start":{},"end":{}}],"line":64},"7":{"loc":{"start":{"line":72,"column":4},"end":{"line":72,"column":77}},"type":"if","locations":[{"start":{"line":72,"column":4},"end":{"line":72,"column":77}},{"start":{},"end":{}}],"line":72},"8":{"loc":{"start":{"line":73,"column":4},"end":{"line":73,"column":73}},"type":"if","locations":[{"start":{"line":73,"column":4},"end":{"line":73,"column":73}},{"start":{},"end":{}}],"line":73},"9":{"loc":{"start":{"line":82,"column":4},"end":{"line":82,"column":64}},"type":"if","locations":[{"start":{"line":82,"column":4},"end":{"line":82,"column":64}},{"start":{},"end":{}}],"line":82},"10":{"loc":{"start":{"line":83,"column":4},"end":{"line":83,"column":65}},"type":"if","locations":[{"start":{"line":83,"column":4},"end":{"line":83,"column":65}},{"start":{},"end":{}}],"line":83},"11":{"loc":{"start":{"line":92,"column":4},"end":{"line":92,"column":72}},"type":"if","locations":[{"start":{"line":92,"column":4},"end":{"line":92,"column":72}},{"start":{},"end":{}}],"line":92},"12":{"loc":{"start":{"line":93,"column":4},"end":{"line":93,"column":73}},"type":"if","locations":[{"start":{"line":93,"column":4},"end":{"line":93,"column":73}},{"start":{},"end":{}}],"line":93},"13":{"loc":{"start":{"line":94,"column":4},"end":{"line":94,"column":108}},"type":"if","locations":[{"start":{"line":94,"column":4},"end":{"line":94,"column":108}},{"start":{},"end":{}}],"line":94},"14":{"loc":{"start":{"line":94,"column":8},"end":{"line":94,"column":66}},"type":"binary-expr","locations":[{"start":{"line":94,"column":8},"end":{"line":94,"column":29}},{"start":{"line":94,"column":33},"end":{"line":94,"column":66}}],"line":94},"15":{"loc":{"start":{"line":95,"column":4},"end":{"line":95,"column":70}},"type":"if","locations":[{"start":{"line":95,"column":4},"end":{"line":95,"column":70}},{"start":{},"end":{}}],"line":95},"16":{"loc":{"start":{"line":96,"column":4},"end":{"line":96,"column":99}},"type":"if","locations":[{"start":{"line":96,"column":4},"end":{"line":96,"column":99}},{"start":{},"end":{}}],"line":96},"17":{"loc":{"start":{"line":96,"column":8},"end":{"line":96,"column":54}},"type":"binary-expr","locations":[{"start":{"line":96,"column":8},"end":{"line":96,"column":29}},{"start":{"line":96,"column":33},"end":{"line":96,"column":54}}],"line":96},"18":{"loc":{"start":{"line":97,"column":4},"end":{"line":97,"column":100}},"type":"if","locations":[{"start":{"line":97,"column":4},"end":{"line":97,"column":100}},{"start":{},"end":{}}],"line":97},"19":{"loc":{"start":{"line":97,"column":8},"end":{"line":97,"column":61}},"type":"binary-expr","locations":[{"start":{"line":97,"column":8},"end":{"line":97,"column":33}},{"start":{"line":97,"column":37},"end":{"line":97,"column":61}}],"line":97},"20":{"loc":{"start":{"line":105,"column":4},"end":{"line":105,"column":75}},"type":"if","locations":[{"start":{"line":105,"column":4},"end":{"line":105,"column":75}},{"start":{},"end":{}}],"line":105}},"s":{"0":1,"1":1,"2":7,"3":7,"4":2,"5":5,"6":0,"7":5,"8":0,"9":5,"10":1,"11":6,"12":0,"13":6,"14":2,"15":4,"16":1,"17":6,"18":2,"19":4,"20":0,"21":4,"22":1,"23":6,"24":0,"25":6,"26":2,"27":4,"28":1,"29":4,"30":0,"31":4,"32":0,"33":4,"34":1,"35":3,"36":0,"37":3,"38":0,"39":3,"40":0,"41":3,"42":0,"43":3,"44":0,"45":3,"46":0,"47":3,"48":1,"49":1,"50":0,"51":1,"52":1},"f":{"0":7,"1":6,"2":6,"3":6,"4":4,"5":3,"6":1},"b":{"0":[2,5],"1":[0,5],"2":[0,5],"3":[0,6],"4":[2,4],"5":[2,4],"6":[0,4],"7":[0,6],"8":[2,4],"9":[0,4],"10":[0,4],"11":[0,3],"12":[0,3],"13":[0,3],"14":[3,3],"15":[0,3],"16":[0,3],"17":[3,3],"18":[0,3],"19":[3,3],"20":[0,1]},"_coverageSchema":"1a1c01bbd47fc00a2c39e90264f33305004495a9","hash":"cecc6c40c55bb92fed5f8182bd22b9e1091ae22e"}
}
