TN:
SF:src/controllers/controllers.js
FN:19,(anonymous_0)
FN:31,(anonymous_1)
FN:47,(anonymous_2)
FN:48,(anonymous_3)
FN:61,(anonymous_4)
FN:112,(anonymous_5)
FN:134,(anonymous_6)
FN:173,(anonymous_7)
FN:179,(anonymous_8)
FNF:9
FNH:9
FNDA:20,(anonymous_0)
FNDA:6,(anonymous_1)
FNDA:20,(anonymous_2)
FNDA:20,(anonymous_3)
FNDA:5,(anonymous_4)
FNDA:5,(anonymous_5)
FNDA:3,(anonymous_6)
FNDA:1,(anonymous_7)
FNDA:2,(anonymous_8)
DA:11,1
DA:19,1
DA:21,20
DA:22,20
DA:25,20
DA:26,20
DA:31,1
DA:38,6
DA:41,6
DA:42,5
DA:45,4
DA:47,20
DA:49,20
DA:52,4
DA:54,4
DA:61,1
DA:68,5
DA:71,5
DA:74,4
DA:76,4
DA:92,4
DA:94,4
DA:97,4
DA:98,84
DA:102,4
DA:103,4
DA:105,4
DA:112,1
DA:118,5
DA:121,5
DA:122,4
DA:124,4
DA:125,4
DA:127,4
DA:134,1
DA:135,3
DA:138,3
DA:139,3
DA:142,3
DA:143,3
DA:146,3
DA:149,3
DA:150,3
DA:152,3
DA:163,3
DA:165,3
DA:173,1
DA:176,1
DA:179,2
DA:180,1
DA:182,1
DA:185,1
LF:52
LH:52
BRDA:22,0,0,0
BRDA:22,0,1,20
BRDA:41,1,0,1
BRDA:41,1,1,5
BRDA:42,2,0,1
BRDA:42,2,1,4
BRDA:71,3,0,1
BRDA:71,3,1,4
BRDA:74,4,0,0
BRDA:74,4,1,4
BRDA:98,5,0,14
BRDA:98,5,1,70
BRDA:102,6,0,0
BRDA:102,6,1,4
BRDA:103,7,0,0
BRDA:103,7,1,4
BRDA:121,8,0,1
BRDA:121,8,1,4
BRDA:122,9,0,0
BRDA:122,9,1,4
BRDA:142,10,0,3
BRDA:142,10,1,0
BRDA:143,11,0,3
BRDA:143,11,1,0
BRDA:149,12,0,3
BRDA:149,12,1,0
BRDA:150,13,0,3
BRDA:150,13,1,0
BRDA:163,14,0,0
BRDA:163,14,1,3
BRDA:176,15,0,0
BRDA:176,15,1,1
BRF:32
BRH:21
end_of_record
TN:
SF:src/controllers/errorHandlers.js
FN:38,(anonymous_0)
FN:51,(anonymous_1)
FN:61,(anonymous_2)
FN:70,(anonymous_3)
FN:80,(anonymous_4)
FN:90,(anonymous_5)
FN:104,(anonymous_6)
FNF:7
FNH:7
FNDA:7,(anonymous_0)
FNDA:6,(anonymous_1)
FNDA:6,(anonymous_2)
FNDA:6,(anonymous_3)
FNDA:4,(anonymous_4)
FNDA:3,(anonymous_5)
FNDA:1,(anonymous_6)
DA:2,1
DA:38,1
DA:40,7
DA:42,7
DA:43,5
DA:44,5
DA:46,5
DA:51,1
DA:53,6
DA:54,6
DA:56,4
DA:61,1
DA:63,6
DA:64,4
DA:65,4
DA:70,1
DA:72,6
DA:73,6
DA:75,4
DA:80,1
DA:82,4
DA:83,4
DA:85,4
DA:90,1
DA:92,3
DA:93,3
DA:94,3
DA:95,3
DA:96,3
DA:97,3
DA:99,3
DA:104,1
DA:105,1
DA:106,1
DA:109,1
LF:35
LH:35
BRDA:42,0,0,2
BRDA:42,0,1,5
BRDA:43,1,0,0
BRDA:43,1,1,5
BRDA:44,2,0,0
BRDA:44,2,1,5
BRDA:53,3,0,0
BRDA:53,3,1,6
BRDA:54,4,0,2
BRDA:54,4,1,4
BRDA:63,5,0,2
BRDA:63,5,1,4
BRDA:64,6,0,0
BRDA:64,6,1,4
BRDA:72,7,0,0
BRDA:72,7,1,6
BRDA:73,8,0,2
BRDA:73,8,1,4
BRDA:82,9,0,0
BRDA:82,9,1,4
BRDA:83,10,0,0
BRDA:83,10,1,4
BRDA:92,11,0,0
BRDA:92,11,1,3
BRDA:93,12,0,0
BRDA:93,12,1,3
BRDA:94,13,0,0
BRDA:94,13,1,3
BRDA:94,14,0,3
BRDA:94,14,1,3
BRDA:95,15,0,0
BRDA:95,15,1,3
BRDA:96,16,0,0
BRDA:96,16,1,3
BRDA:96,17,0,3
BRDA:96,17,1,3
BRDA:97,18,0,0
BRDA:97,18,1,3
BRDA:97,19,0,3
BRDA:97,19,1,3
BRDA:105,20,0,0
BRDA:105,20,1,1
BRF:42
BRH:28
end_of_record
